<?xml version="1.0" encoding="UTF-8"?>
<TestRun id="69df9f46-770c-4340-95a4-50926c539dee" name="TED@TED-PC 2014-08-26 11:40:10" runUser="TED-PC\TED" xmlns="http://microsoft.com/schemas/VisualStudio/TeamTest/2010">
  <TestSettings name="Local" id="57e25b15-29f5-4709-b69b-b925357c36bc">
    <Description>These are default test settings for a local test run.</Description>
    <Deployment enabled="false" runDeploymentRoot="TED_TED-PC 2014-08-26 11_40_10">
      <DeploymentItem filename="D:\Elementalist\ArchGame\Source\bin\Debug\ArchGame.dll" />
    </Deployment>
    <Execution>
      <TestTypeSpecific />
      <AgentRule name="Execution Agents">
      </AgentRule>
    </Execution>
  </TestSettings>
  <Times creation="2014-08-26T11:40:10.2808105+03:00" queuing="2014-08-26T11:40:14.5860568+03:00" start="2014-08-26T11:40:14.7710674+03:00" finish="2014-08-26T11:40:16.6981776+03:00" />
  <ResultSummary outcome="Inconclusive">
    <Counters total="1" executed="1" error="0" failed="0" timeout="0" aborted="0" inconclusive="1" passedButRunAborted="0" notRunnable="0" notExecuted="0" disconnected="0" warning="0" passed="0" completed="0" inProgress="0" pending="0" />
  </ResultSummary>
  <TestDefinitions>
    <UnitTest name="MultiplyTest" storage="d:\elementalist\archgame\source\testingextensions\bin\debug\testingextensions.dll" id="a324efa1-50c5-6198-37c0-cb19d6730bd4">
      <Execution id="23b6e183-5064-4c87-90a5-1a515124041a" />
      <TestMethod codeBase="D:/Elementalist/ArchGame/Source/TestingExtensions/bin/Debug/TestingExtensions.DLL" adapterTypeName="Microsoft.VisualStudio.TestTools.TestTypes.Unit.UnitTestAdapter, Microsoft.VisualStudio.QualityTools.Tips.UnitTest.Adapter, Version=10.0.0.0, Culture=neutral, PublicKeyToken=b03f5f7f11d50a3a" className="TestingExtensions.MiscExtensionsTest, TestingExtensions, Version=1.0.0.0, Culture=neutral, PublicKeyToken=null" name="MultiplyTest" />
    </UnitTest>
  </TestDefinitions>
  <TestLists>
    <TestList name="Results Not in a List" id="8c84fa94-04c1-424b-9868-57a2d4851a1d" />
    <TestList name="All Loaded Results" id="19431567-8539-422a-85d7-44ee4e166bda" />
  </TestLists>
  <TestEntries>
    <TestEntry testId="a324efa1-50c5-6198-37c0-cb19d6730bd4" executionId="23b6e183-5064-4c87-90a5-1a515124041a" testListId="8c84fa94-04c1-424b-9868-57a2d4851a1d" />
  </TestEntries>
  <Results>
    <UnitTestResult executionId="23b6e183-5064-4c87-90a5-1a515124041a" testId="a324efa1-50c5-6198-37c0-cb19d6730bd4" testName="MultiplyTest" computerName="TED-PC" duration="00:00:00.1513299" startTime="2014-08-26T11:40:14.8130698+03:00" endTime="2014-08-26T11:40:16.5491691+03:00" testType="13cdc9d9-ddb5-4fa4-a97d-d965ccfc6d4b" outcome="Inconclusive" testListId="8c84fa94-04c1-424b-9868-57a2d4851a1d" relativeResultsDirectory="23b6e183-5064-4c87-90a5-1a515124041a">
      <Output>
        <ErrorInfo>
          <Message>Assert.Inconclusive failed. Verify the correctness of this test method.</Message>
          <StackTrace>   at TestingExtensions.MiscExtensionsTest.MultiplyTest() in D:\Elementalist\ArchGame\Source\TestingExtensions\MiscExtensionsTest.cs:line 73
</StackTrace>
        </ErrorInfo>
      </Output>
    </UnitTestResult>
  </Results>
</TestRun>